# JRE version: Java(TM) SE Runtime Environment (8.0_144-b01) (build 1.8.0_144-b01)
# Java VM: Java HotSpot(TM) Client VM (25.144-b01 mixed mode windows-x86 )
Heap:
 def new generation   total 78656K, used 78656K [0x04600000, 0x09b50000, 0x09b50000)
  eden space 69952K, 100% used [0x04600000, 0x08a50000, 0x08a50000)
  from space 8704K, 100% used [0x08a50000, 0x092d0000, 0x092d0000)
  to   space 8704K,   0% used [0x092d0000, 0x092d0000, 0x09b50000)
 tenured generation   total 174784K, used 173958K [0x09b50000, 0x14600000, 0x14600000)
   the space 174784K,  99% used [0x09b50000, 0x14531a90, 0x14531c00, 0x14600000)
 Metaspace       used 7159K, capacity 7406K, committed 7424K, reserved 7552K
GC Heap History (10 events):
Event: 1526.066 GC heap before
{Heap before GC invocations=98 (full 93):
 def new generation   total 78656K, used 78644K [0x04600000, 0x09b50000, 0x09b50000)
  eden space 69952K, 100% used [0x04600000, 0x08a50000, 0x08a50000)
  from space 8704K,  99% used [0x08a50000, 0x092cd2b0, 0x092d0000)
  to   space 8704K,   0% used [0x092d0000, 0x092d0000, 0x09b50000)
 tenured generation   total 174784K, used 174778K [0x09b50000, 0x14600000, 0x14600000)
   the space 174784K,  99% used [0x09b50000, 0x145fe950, 0x145fea00, 0x14600000)
 Metaspace       used 7159K, capacity 7406K, committed 7424K, reserved 7552K
Event: 1526.086 GC heap after
Heap after GC invocations=99 (full 94):
 def new generation   total 78656K, used 77927K [0x04600000, 0x09b50000, 0x09b50000)
  eden space 69952K,  99% used [0x04600000, 0x089a7938, 0x08a50000)
  from space 8704K,  99% used [0x08a50000, 0x092c2428, 0x092d0000)
  to   space 8704K,   0% used [0x092d0000, 0x092d0000, 0x09b50000)
 tenured generation   total 174784K, used 174778K [0x09b50000, 0x14600000, 0x14600000)
   the space 174784K,  99% used [0x09b50000, 0x145fe950, 0x145fea00, 0x14600000)
 Metaspace       used 7159K, capacity 7406K, committed 7424K, reserved 7552K
}
Event: 1526.409 GC heap before
{Heap before GC invocations=99 (full 94):
 def new generation   total 78656K, used 78656K [0x04600000, 0x09b50000, 0x09b50000)
  eden space 69952K, 100% used [0x04600000, 0x08a50000, 0x08a50000)
  from space 8704K, 100% used [0x08a50000, 0x092d0000, 0x092d0000)
  to   space 8704K,   0% used [0x092d0000, 0x092d0000, 0x09b50000)
 tenured generation   total 174784K, used 174783K [0x09b50000, 0x14600000, 0x14600000)
   the space 174784K,  99% used [0x09b50000, 0x145fff98, 0x14600000, 0x14600000)
 Metaspace       used 7159K, capacity 7406K, committed 7424K, reserved 7552K
Event: 1526.428 GC heap after
Heap after GC invocations=100 (full 95):
 def new generation   total 78656K, used 78179K [0x04600000, 0x09b50000, 0x09b50000)
  eden space 69952K,  99% used [0x04600000, 0x089dfe78, 0x08a50000)
  from space 8704K,  99% used [0x08a50000, 0x092c8de0, 0x092d0000)
  to   space 8704K,   0% used [0x092d0000, 0x092d0000, 0x09b50000)
 tenured generation   total 174784K, used 174783K [0x09b50000, 0x14600000, 0x14600000)
   the space 174784K,  99% used [0x09b50000, 0x145fff98, 0x14600000, 0x14600000)
 Metaspace       used 7159K, capacity 7406K, committed 7424K, reserved 7552K
}
Event: 1526.639 GC heap before
{Heap before GC invocations=100 (full 95):
 def new generation   total 78656K, used 78648K [0x04600000, 0x09b50000, 0x09b50000)
  eden space 69952K, 100% used [0x04600000, 0x08a50000, 0x08a50000)
  from space 8704K,  99% used [0x08a50000, 0x092ce388, 0x092d0000)
  to   space 8704K,   0% used [0x092d0000, 0x092d0000, 0x09b50000)
 tenured generation   total 174784K, used 174783K [0x09b50000, 0x14600000, 0x14600000)
   the space 174784K,  99% used [0x09b50000, 0x145fff98, 0x14600000, 0x14600000)
 Metaspace       used 7159K, capacity 7406K, committed 7424K, reserved 7552K
Event: 1526.659 GC heap after
Heap after GC invocations=101 (full 96):
 def new generation   total 78656K, used 78358K [0x04600000, 0x09b50000, 0x09b50000)
  eden space 69952K,  99% used [0x04600000, 0x08a08748, 0x08a50000)
  from space 8704K,  99% used [0x08a50000, 0x092cd188, 0x092d0000)
  to   space 8704K,   0% used [0x092d0000, 0x092d0000, 0x09b50000)
 tenured generation   total 174784K, used 173577K [0x09b50000, 0x14600000, 0x14600000)
   the space 174784K,  99% used [0x09b50000, 0x144d2748, 0x144d2800, 0x14600000)
 Metaspace       used 7159K, capacity 7406K, committed 7424K, reserved 7552K
}
Event: 1526.740 GC heap before
{Heap before GC invocations=101 (full 96):
 def new generation   total 78656K, used 78543K [0x04600000, 0x09b50000, 0x09b50000)
  eden space 69952K,  99% used [0x04600000, 0x08a36b90, 0x08a50000)
  from space 8704K,  99% used [0x08a50000, 0x092cd188, 0x092d0000)
  to   space 8704K,   0% used [0x092d0000, 0x092d0000, 0x09b50000)
 tenured generation   total 174784K, used 173577K [0x09b50000, 0x14600000, 0x14600000)
   the space 174784K,  99% used [0x09b50000, 0x144d2748, 0x144d2800, 0x14600000)
 Metaspace       used 7159K, capacity 7406K, committed 7424K, reserved 7552K
Event: 1526.760 GC heap after
Heap after GC invocations=102 (full 97):
 def new generation   total 78656K, used 78418K [0x04600000, 0x09b50000, 0x09b50000)
  eden space 69952K,  99% used [0x04600000, 0x08a17a50, 0x08a50000)
  from space 8704K,  99% used [0x08a50000, 0x092cce18, 0x092d0000)
  to   space 8704K,   0% used [0x092d0000, 0x092d0000, 0x09b50000)
 tenured generation   total 174784K, used 173577K [0x09b50000, 0x14600000, 0x14600000)
   the space 174784K,  99% used [0x09b50000, 0x144d2748, 0x144d2800, 0x14600000)
 Metaspace       used 7159K, capacity 7406K, committed 7424K, reserved 7552K
}
Event: 1526.760 GC heap before
{Heap before GC invocations=102 (full 97):
 def new generation   total 78656K, used 78418K [0x04600000, 0x09b50000, 0x09b50000)
  eden space 69952K,  99% used [0x04600000, 0x08a17a50, 0x08a50000)
  from space 8704K,  99% used [0x08a50000, 0x092cce18, 0x092d0000)
  to   space 8704K,   0% used [0x092d0000, 0x092d0000, 0x09b50000)
 tenured generation   total 174784K, used 173577K [0x09b50000, 0x14600000, 0x14600000)
   the space 174784K,  99% used [0x09b50000, 0x144d2748, 0x144d2800, 0x14600000)
 Metaspace       used 7159K, capacity 7406K, committed 7424K, reserved 7552K
Event: 1526.778 GC heap after
Heap after GC invocations=103 (full 98):
 def new generation   total 78656K, used 78418K [0x04600000, 0x09b50000, 0x09b50000)
  eden space 69952K,  99% used [0x04600000, 0x08a17a50, 0x08a50000)
  from space 8704K,  99% used [0x08a50000, 0x092cce18, 0x092d0000)
  to   space 8704K,   0% used [0x092d0000, 0x092d0000, 0x09b50000)
 tenured generation   total 174784K, used 173448K [0x09b50000, 0x14600000, 0x14600000)
   the space 174784K,  99% used [0x09b50000, 0x144b2158, 0x144b2200, 0x14600000)
 Metaspace       used 7159K, capacity 7406K, committed 7424K, reserved 7552K
}

